[2026-07-01 09:59:40Z INFO HostContext] No proxy settings were found based on environmental variables (http_proxy/https_proxy/HTTP_PROXY/HTTPS_PROXY)
[2026-07-01 09:59:40Z INFO HostContext] Well known directory 'Bin': 'C:\Users\WIN11\Downloads\Kita Sehat APP\FatSecret_Big_Data_Pipeline\actions-runner\bin'
[2026-07-01 09:59:40Z INFO HostContext] Well known directory 'Root': 'C:\Users\WIN11\Downloads\Kita Sehat APP\FatSecret_Big_Data_Pipeline\actions-runner'
[2026-07-01 09:59:40Z INFO HostContext] Well known config file 'Credentials': 'C:\Users\WIN11\Downloads\Kita Sehat APP\FatSecret_Big_Data_Pipeline\actions-runner\.credentials'
[2026-07-01 09:59:40Z INFO HostContext] Well known directory 'Bin': 'C:\Users\WIN11\Downloads\Kita Sehat APP\FatSecret_Big_Data_Pipeline\actions-runner\bin'
[2026-07-01 09:59:40Z INFO HostContext] Well known directory 'Root': 'C:\Users\WIN11\Downloads\Kita Sehat APP\FatSecret_Big_Data_Pipeline\actions-runner'
[2026-07-01 09:59:40Z INFO HostContext] Well known config file 'Runner': 'C:\Users\WIN11\Downloads\Kita Sehat APP\FatSecret_Big_Data_Pipeline\actions-runner\.runner'
[2026-07-01 09:59:40Z INFO Listener] Runner is built for Windows (X64) - win-x64.
[2026-07-01 09:59:40Z INFO Listener] RuntimeInformation: Microsoft Windows 10.0.26200.
[2026-07-01 09:59:40Z INFO Listener] Version: 2.335.1
[2026-07-01 09:59:40Z INFO Listener] Commit: 7d737449ef346f6524f75688d0c9c95fa10ba10a
[2026-07-01 09:59:40Z INFO Listener] Culture: en-ID
[2026-07-01 09:59:40Z INFO Listener] UI Culture: en-US
[2026-07-01 09:59:40Z INFO HostContext] Well known directory 'Bin': 'C:\Users\WIN11\Downloads\Kita Sehat APP\FatSecret_Big_Data_Pipeline\actions-runner\bin'
[2026-07-01 09:59:40Z INFO HostContext] Well known directory 'Root': 'C:\Users\WIN11\Downloads\Kita Sehat APP\FatSecret_Big_Data_Pipeline\actions-runner'
[2026-07-01 09:59:40Z INFO Listener] Validating directory permissions for: 'C:\Users\WIN11\Downloads\Kita Sehat APP\FatSecret_Big_Data_Pipeline\actions-runner'
[2026-07-01 09:59:40Z INFO CommandLineParser] Parse
[2026-07-01 09:59:40Z INFO CommandLineParser] Parsing 1 args
[2026-07-01 09:59:40Z INFO CommandLineParser] parsing argument
[2026-07-01 09:59:40Z INFO CommandLineParser] HasArgs: False
[2026-07-01 09:59:40Z INFO CommandLineParser] Adding Command: run
[2026-07-01 09:59:40Z INFO Listener] Arguments parsed
[2026-07-01 09:59:40Z INFO Runner] ExecuteCommand
[2026-07-01 09:59:40Z INFO ConfigurationStore] currentAssemblyLocation: C:\Users\WIN11\Downloads\Kita Sehat APP\FatSecret_Big_Data_Pipeline\actions-runner\bin\Runner.Listener.dll
[2026-07-01 09:59:40Z INFO HostContext] Well known directory 'Bin': 'C:\Users\WIN11\Downloads\Kita Sehat APP\FatSecret_Big_Data_Pipeline\actions-runner\bin'
[2026-07-01 09:59:40Z INFO ConfigurationStore] binPath: C:\Users\WIN11\Downloads\Kita Sehat APP\FatSecret_Big_Data_Pipeline\actions-runner\bin
[2026-07-01 09:59:40Z INFO HostContext] Well known directory 'Bin': 'C:\Users\WIN11\Downloads\Kita Sehat APP\FatSecret_Big_Data_Pipeline\actions-runner\bin'
[2026-07-01 09:59:40Z INFO HostContext] Well known directory 'Root': 'C:\Users\WIN11\Downloads\Kita Sehat APP\FatSecret_Big_Data_Pipeline\actions-runner'
[2026-07-01 09:59:40Z INFO ConfigurationStore] RootFolder: C:\Users\WIN11\Downloads\Kita Sehat APP\FatSecret_Big_Data_Pipeline\actions-runner
[2026-07-01 09:59:40Z INFO HostContext] Well known directory 'Bin': 'C:\Users\WIN11\Downloads\Kita Sehat APP\FatSecret_Big_Data_Pipeline\actions-runner\bin'
[2026-07-01 09:59:40Z INFO HostContext] Well known directory 'Root': 'C:\Users\WIN11\Downloads\Kita Sehat APP\FatSecret_Big_Data_Pipeline\actions-runner'
[2026-07-01 09:59:40Z INFO HostContext] Well known config file 'Runner': 'C:\Users\WIN11\Downloads\Kita Sehat APP\FatSecret_Big_Data_Pipeline\actions-runner\.runner'
[2026-07-01 09:59:40Z INFO ConfigurationStore] ConfigFilePath: C:\Users\WIN11\Downloads\Kita Sehat APP\FatSecret_Big_Data_Pipeline\actions-runner\.runner
[2026-07-01 09:59:40Z INFO HostContext] Well known directory 'Bin': 'C:\Users\WIN11\Downloads\Kita Sehat APP\FatSecret_Big_Data_Pipeline\actions-runner\bin'
[2026-07-01 09:59:40Z INFO HostContext] Well known directory 'Root': 'C:\Users\WIN11\Downloads\Kita Sehat APP\FatSecret_Big_Data_Pipeline\actions-runner'
[2026-07-01 09:59:40Z INFO HostContext] Well known config file 'MigratedRunner': 'C:\Users\WIN11\Downloads\Kita Sehat APP\FatSecret_Big_Data_Pipeline\actions-runner\.runner_migrated'
[2026-07-01 09:59:40Z INFO ConfigurationStore] MigratedConfigFilePath: C:\Users\WIN11\Downloads\Kita Sehat APP\FatSecret_Big_Data_Pipeline\actions-runner\.runner_migrated
[2026-07-01 09:59:40Z INFO HostContext] Well known directory 'Bin': 'C:\Users\WIN11\Downloads\Kita Sehat APP\FatSecret_Big_Data_Pipeline\actions-runner\bin'
[2026-07-01 09:59:40Z INFO HostContext] Well known directory 'Root': 'C:\Users\WIN11\Downloads\Kita Sehat APP\FatSecret_Big_Data_Pipeline\actions-runner'
[2026-07-01 09:59:40Z INFO HostContext] Well known config file 'Credentials': 'C:\Users\WIN11\Downloads\Kita Sehat APP\FatSecret_Big_Data_Pipeline\actions-runner\.credentials'
[2026-07-01 09:59:40Z INFO ConfigurationStore] CredFilePath: C:\Users\WIN11\Downloads\Kita Sehat APP\FatSecret_Big_Data_Pipeline\actions-runner\.credentials
[2026-07-01 09:59:40Z INFO HostContext] Well known directory 'Bin': 'C:\Users\WIN11\Downloads\Kita Sehat APP\FatSecret_Big_Data_Pipeline\actions-runner\bin'
[2026-07-01 09:59:40Z INFO HostContext] Well known directory 'Root': 'C:\Users\WIN11\Downloads\Kita Sehat APP\FatSecret_Big_Data_Pipeline\actions-runner'
[2026-07-01 09:59:40Z INFO HostContext] Well known config file 'MigratedCredentials': 'C:\Users\WIN11\Downloads\Kita Sehat APP\FatSecret_Big_Data_Pipeline\actions-runner\.credentials_migrated'
[2026-07-01 09:59:40Z INFO ConfigurationStore] MigratedCredFilePath: C:\Users\WIN11\Downloads\Kita Sehat APP\FatSecret_Big_Data_Pipeline\actions-runner\.credentials_migrated
[2026-07-01 09:59:40Z INFO HostContext] Well known directory 'Bin': 'C:\Users\WIN11\Downloads\Kita Sehat APP\FatSecret_Big_Data_Pipeline\actions-runner\bin'
[2026-07-01 09:59:40Z INFO HostContext] Well known directory 'Root': 'C:\Users\WIN11\Downloads\Kita Sehat APP\FatSecret_Big_Data_Pipeline\actions-runner'
[2026-07-01 09:59:40Z INFO HostContext] Well known config file 'Service': 'C:\Users\WIN11\Downloads\Kita Sehat APP\FatSecret_Big_Data_Pipeline\actions-runner\.service'
[2026-07-01 09:59:40Z INFO ConfigurationStore] ServiceConfigFilePath: C:\Users\WIN11\Downloads\Kita Sehat APP\FatSecret_Big_Data_Pipeline\actions-runner\.service
[2026-07-01 09:59:40Z INFO CommandSettings] Flag 'help': 'False'
[2026-07-01 09:59:40Z INFO CommandSettings] Flag 'version': 'False'
[2026-07-01 09:59:40Z INFO CommandSettings] Flag 'commit': 'False'
[2026-07-01 09:59:40Z INFO CommandSettings] Flag 'check': 'False'
[2026-07-01 09:59:40Z INFO CommandSettings] Command 'configure': 'False'
[2026-07-01 09:59:40Z INFO CommandSettings] Command 'remove': 'False'
[2026-07-01 09:59:40Z INFO CommandSettings] Command 'warmup': 'False'
[2026-07-01 09:59:40Z INFO ConfigurationManager] LoadSettings
[2026-07-01 09:59:40Z INFO ConfigurationStore] IsConfigured()
[2026-07-01 09:59:40Z INFO ConfigurationStore] IsConfigured: True
[2026-07-01 09:59:40Z INFO ConfigurationManager] Is configured: True
[2026-07-01 09:59:40Z INFO ConfigurationStore] Read setting file: 404 chars
[2026-07-01 09:59:40Z INFO ConfigurationManager] Settings Loaded
[2026-07-01 09:59:40Z INFO ConfigurationStore] IsServiceConfigured()
[2026-07-01 09:59:40Z INFO ConfigurationStore] IsServiceConfigured: False
[2026-07-01 09:59:40Z INFO CommandSettings] Command 'run': 'True'
[2026-07-01 09:59:40Z INFO ConfigurationStore] IsConfigured()
[2026-07-01 09:59:40Z INFO ConfigurationStore] IsConfigured: True
[2026-07-01 09:59:40Z INFO ConfigurationManager] Is configured: True
[2026-07-01 09:59:40Z INFO Runner] Could not parse the argument value '' for StartupType. Defaulting to Manual
[2026-07-01 09:59:40Z INFO Runner] Set runner startup type - Manual
[2026-07-01 09:59:40Z INFO CommandSettings] Flag 'once': 'False'
[2026-07-01 09:59:40Z INFO CommandSettings] Flag 'once': 'False'
[2026-07-01 09:59:40Z INFO Runner] RunAsync
[2026-07-01 09:59:40Z INFO HostContext] Well known directory 'Bin': 'C:\Users\WIN11\Downloads\Kita Sehat APP\FatSecret_Big_Data_Pipeline\actions-runner\bin'
[2026-07-01 09:59:40Z INFO HostContext] Well known directory 'Root': 'C:\Users\WIN11\Downloads\Kita Sehat APP\FatSecret_Big_Data_Pipeline\actions-runner'
[2026-07-01 09:59:40Z INFO HostContext] Well known directory 'Work': 'C:\Users\WIN11\Downloads\Kita Sehat APP\FatSecret_Big_Data_Pipeline\actions-runner\_work'
[2026-07-01 09:59:40Z INFO Runner] Validating directory permissions for: 'C:\Users\WIN11\Downloads\Kita Sehat APP\FatSecret_Big_Data_Pipeline\actions-runner\_work'
[2026-07-01 09:59:40Z INFO ConfigurationManager] LoadMigratedSettings
[2026-07-01 09:59:40Z INFO ConfigurationStore] IsMigratedConfigured()
[2026-07-01 09:59:40Z INFO ConfigurationStore] IsMigratedConfigured: False
[2026-07-01 09:59:40Z INFO Runner] Failed to load migrated settings: No migrated configuration found.
[2026-07-01 09:59:40Z INFO Runner] Falling back to original .runner settings
[2026-07-01 09:59:40Z INFO Runner] Using BrokerMessageListener
[2026-07-01 09:59:40Z INFO BrokerMessageListener] Using provided settings
[2026-07-01 09:59:40Z INFO BrokerMessageListener] {
  "AgentId": 2,
  "AgentName": "DESKTOP-5NTM7BE",
  "PoolId": 1,
  "PoolName": "Default",
  "ServerUrl": "https://pipelinesghubeus4.actions.githubusercontent.com/c3VHJuyYfMNxz9fSX2ETXU2JFzNMSAQcE9iY3pWjbbMhHHqZgq/",
  "GitHubUrl": "https://github.com/riyannurhidayat01/Big_Data",
  "WorkFolder": "_work",
  "UseV2Flow": true,
  "ServerUrlV2": "https://broker.actions.githubusercontent.com/"
}
[2026-07-01 09:59:40Z INFO BrokerMessageListener] Loading Credentials
[2026-07-01 09:59:40Z INFO ConfigurationStore] HasCredentials()
[2026-07-01 09:59:40Z INFO ConfigurationStore] stored True
[2026-07-01 09:59:40Z INFO CredentialManager] GetCredentialProvider
[2026-07-01 09:59:40Z INFO CredentialManager] Creating type OAuth
[2026-07-01 09:59:40Z INFO CredentialManager] Creating credential type: OAuth
[2026-07-01 09:59:40Z INFO HostContext] Well known directory 'Bin': 'C:\Users\WIN11\Downloads\Kita Sehat APP\FatSecret_Big_Data_Pipeline\actions-runner\bin'
[2026-07-01 09:59:40Z INFO HostContext] Well known directory 'Root': 'C:\Users\WIN11\Downloads\Kita Sehat APP\FatSecret_Big_Data_Pipeline\actions-runner'
[2026-07-01 09:59:40Z INFO HostContext] Well known config file 'RSACredentials': 'C:\Users\WIN11\Downloads\Kita Sehat APP\FatSecret_Big_Data_Pipeline\actions-runner\.credentials_rsaparams'
[2026-07-01 09:59:40Z INFO RSAEncryptedFileKeyManager] Loading RSA key parameters from file C:\Users\WIN11\Downloads\Kita Sehat APP\FatSecret_Big_Data_Pipeline\actions-runner\.credentials_rsaparams
[2026-07-01 09:59:40Z INFO BrokerMessageListener] Attempt to create session.
[2026-07-01 09:59:40Z INFO BrokerMessageListener] Connecting to the Broker Server...
[2026-07-01 09:59:40Z INFO ConfigurationStore] HasCredentials()
[2026-07-01 09:59:40Z INFO ConfigurationStore] stored True
[2026-07-01 09:59:40Z INFO CredentialManager] GetCredentialProvider
[2026-07-01 09:59:40Z INFO CredentialManager] Creating type OAuth
[2026-07-01 09:59:40Z INFO CredentialManager] Creating credential type: OAuth
[2026-07-01 09:59:40Z INFO RSAEncryptedFileKeyManager] Loading RSA key parameters from file C:\Users\WIN11\Downloads\Kita Sehat APP\FatSecret_Big_Data_Pipeline\actions-runner\.credentials_rsaparams
[2026-07-01 09:59:40Z INFO BrokerMessageListener] VssConnection created
[2026-07-01 09:59:40Z INFO BrokerMessageListener] Connecting to the Runner server...
[2026-07-01 09:59:40Z INFO RunnerServer] EstablishVssConnection
[2026-07-01 09:59:40Z INFO RunnerServer] Establish connection with 100 seconds timeout.
[2026-07-01 09:59:40Z INFO GitHubActionsService] Starting operation Location.GetConnectionData
[2026-07-01 09:59:40Z INFO RunnerServer] EstablishVssConnection
[2026-07-01 09:59:40Z INFO RunnerServer] Establish connection with 60 seconds timeout.
[2026-07-01 09:59:40Z INFO GitHubActionsService] Starting operation Location.GetConnectionData
[2026-07-01 09:59:40Z INFO RunnerServer] EstablishVssConnection
[2026-07-01 09:59:40Z INFO RunnerServer] Establish connection with 60 seconds timeout.
[2026-07-01 09:59:40Z INFO GitHubActionsService] Starting operation Location.GetConnectionData
[2026-07-01 09:59:42Z INFO GitHubActionsService] Finished operation Location.GetConnectionData
[2026-07-01 09:59:43Z INFO GitHubActionsService] Finished operation Location.GetConnectionData
[2026-07-01 09:59:43Z INFO GitHubActionsService] Finished operation Location.GetConnectionData
[2026-07-01 09:59:44Z INFO BrokerMessageListener] VssConnection created
[2026-07-01 09:59:44Z INFO Terminal] WRITE LINE: 
[2026-07-01 09:59:44Z INFO Terminal] WRITE LINE: 
[2026-07-01 09:59:44Z INFO RSAEncryptedFileKeyManager] Loading RSA key parameters from file C:\Users\WIN11\Downloads\Kita Sehat APP\FatSecret_Big_Data_Pipeline\actions-runner\.credentials_rsaparams
[2026-07-01 09:59:44Z INFO RSAEncryptedFileKeyManager] Loading RSA key parameters from file C:\Users\WIN11\Downloads\Kita Sehat APP\FatSecret_Big_Data_Pipeline\actions-runner\.credentials_rsaparams
[2026-07-01 09:59:47Z INFO GitHubActionsService] AAD Correlation ID for this token request: Unknown
[2026-07-01 09:59:47Z WARN GitHubActionsService] Retrieving an AAD auth token took a long time (2,9712988 seconds)
[2026-07-01 09:59:48Z INFO BrokerMessageListener] Session created.
[2026-07-01 09:59:48Z INFO Terminal] WRITE LINE: Current runner version: '2.335.1'
[2026-07-01 09:59:48Z INFO Terminal] WRITE LINE: 2026-07-01 09:59:48Z: Listening for Jobs
[2026-07-01 09:59:48Z INFO JobDispatcher] Set runner/worker IPC timeout to 30 seconds.
[2026-07-01 10:18:09Z WARN GitHubActionsService] Attempt 1 of GET request to https://broker.actions.githubusercontent.com/message?sessionId=eea8b01a-494c-4f51-82b4-6382a996d6c6&status=Online&runnerVersion=2.335.1&os=Windows&architecture=X64&disableUpdate=false failed (Socket Error: ConnectionReset). The operation will be retried in 11,131 seconds.
[2026-07-01 10:18:20Z ERR  GitHubActionsService] GET request to https://broker.actions.githubusercontent.com/message?sessionId=eea8b01a-494c-4f51-82b4-6382a996d6c6&status=Online&runnerVersion=2.335.1&os=Windows&architecture=X64&disableUpdate=false failed. System.Net.Http.HttpRequestException: The requested name is valid, but no data of the requested type was found. (broker.actions.githubusercontent.com:443)
 ---> System.Net.Sockets.SocketException (11004): The requested name is valid, but no data of the requested type was found.
   at System.Net.Sockets.Socket.AwaitableSocketAsyncEventArgs.ThrowException(SocketError error, CancellationToken cancellationToken)
   at System.Net.Sockets.Socket.AwaitableSocketAsyncEventArgs.System.Threading.Tasks.Sources.IValueTaskSource.GetResult(Int16 token)
   at System.Net.Sockets.Socket.<ConnectAsync>g__WaitForConnectWithCancellation|285_0(AwaitableSocketAsyncEventArgs saea, ValueTask connectTask, CancellationToken cancellationToken)
   at System.Net.Http.HttpConnectionPool.ConnectToTcpHostAsync(String host, Int32 port, HttpRequestMessage initialRequest, Boolean async, CancellationToken cancellationToken)
   --- End of inner exception stack trace ---
   at System.Net.Http.HttpConnectionPool.ConnectToTcpHostAsync(String host, Int32 port, HttpRequestMessage initialRequest, Boolean async, CancellationToken cancellationToken)
   at System.Net.Http.HttpConnectionPool.ConnectAsync(HttpRequestMessage request, Boolean async, CancellationToken cancellationToken)
   at System.Net.Http.HttpConnectionPool.CreateHttp11ConnectionAsync(HttpRequestMessage request, Boolean async, CancellationToken cancellationToken)
   at System.Net.Http.HttpConnectionPool.AddHttp11ConnectionAsync(QueueItem queueItem)
   at System.Threading.Tasks.TaskCompletionSourceWithCancellation`1.WaitWithCancellationAsync(CancellationToken cancellationToken)
   at System.Net.Http.HttpConnectionPool.SendWithVersionDetectionAndRetryAsync(HttpRequestMessage request, Boolean async, Boolean doRequestAuth, CancellationToken cancellationToken)
   at System.Net.Http.AuthenticationHelper.SendWithAuthAsync(HttpRequestMessage request, Uri authUri, Boolean async, ICredentials credentials, Boolean preAuthenticate, Boolean isProxyAuth, Boolean doRequestAuth, HttpConnectionPool pool, CancellationToken cancellationToken)
   at System.Net.Http.RedirectHandler.SendAsync(HttpRequestMessage request, Boolean async, CancellationToken cancellationToken)
   at GitHub.Services.Common.RawHttpMessageHandler.SendAsync(HttpRequestMessage request, CancellationToken cancellationToken)
   at GitHub.Services.Common.VssHttpRetryMessageHandler.SendAsync(HttpRequestMessage request, CancellationToken cancellationToken)
[2026-07-01 10:18:20Z ERR  BrokerServer] Catch exception during request
[2026-07-01 10:18:20Z ERR  BrokerServer] System.Net.Http.HttpRequestException: The requested name is valid, but no data of the requested type was found. (broker.actions.githubusercontent.com:443)
 ---> System.Net.Sockets.SocketException (11004): The requested name is valid, but no data of the requested type was found.
   at System.Net.Sockets.Socket.AwaitableSocketAsyncEventArgs.ThrowException(SocketError error, CancellationToken cancellationToken)
   at System.Net.Sockets.Socket.AwaitableSocketAsyncEventArgs.System.Threading.Tasks.Sources.IValueTaskSource.GetResult(Int16 token)
   at System.Net.Sockets.Socket.<ConnectAsync>g__WaitForConnectWithCancellation|285_0(AwaitableSocketAsyncEventArgs saea, ValueTask connectTask, CancellationToken cancellationToken)
   at System.Net.Http.HttpConnectionPool.ConnectToTcpHostAsync(String host, Int32 port, HttpRequestMessage initialRequest, Boolean async, CancellationToken cancellationToken)
   --- End of inner exception stack trace ---
   at GitHub.Services.Common.VssHttpRetryMessageHandler.SendAsync(HttpRequestMessage request, CancellationToken cancellationToken)
   at System.Net.Http.HttpClient.<SendAsync>g__Core|83_0(HttpRequestMessage request, HttpCompletionOption completionOption, CancellationTokenSource cts, Boolean disposeCts, CancellationTokenSource pendingRequestsCts, CancellationToken originalCancellationToken)
   at Sdk.WebApi.WebApi.RawHttpClientBase.SendAsync(HttpRequestMessage message, HttpCompletionOption completionOption, Object userState, CancellationToken cancellationToken)
   at Sdk.WebApi.WebApi.RawHttpClientBase.SendAsync[T](HttpRequestMessage message, Boolean readErrorBody, Object userState, CancellationToken cancellationToken)
   at Sdk.WebApi.WebApi.RawHttpClientBase.SendAsync[T](HttpMethod method, IEnumerable`1 additionalHeaders, Uri requestUri, HttpContent content, IEnumerable`1 queryParameters, Boolean readErrorBody, Object userState, CancellationToken cancellationToken)
   at GitHub.Actions.RunService.WebApi.BrokerHttpClient.GetRunnerMessageAsync(Nullable`1 sessionId, String runnerVersion, Nullable`1 status, String os, String architecture, Nullable`1 disableUpdate, CancellationToken cancellationToken)
   at GitHub.Runner.Common.BrokerServer.<>c__DisplayClass7_0.<<GetRunnerMessageAsync>b__0>d.MoveNext()
--- End of stack trace from previous location ---
   at GitHub.Runner.Common.RunnerService.RetryRequest[T](Func`1 func, CancellationToken cancellationToken, Int32 maxAttempts, Func`2 shouldRetry)
[2026-07-01 10:18:20Z ERR  BrokerServer] #####################################################
[2026-07-01 10:18:20Z ERR  BrokerServer] System.Net.Sockets.SocketException (11004): The requested name is valid, but no data of the requested type was found.
   at System.Net.Sockets.Socket.AwaitableSocketAsyncEventArgs.ThrowException(SocketError error, CancellationToken cancellationToken)
   at System.Net.Sockets.Socket.AwaitableSocketAsyncEventArgs.System.Threading.Tasks.Sources.IValueTaskSource.GetResult(Int16 token)
   at System.Net.Sockets.Socket.<ConnectAsync>g__WaitForConnectWithCancellation|285_0(AwaitableSocketAsyncEventArgs saea, ValueTask connectTask, CancellationToken cancellationToken)
   at System.Net.Http.HttpConnectionPool.ConnectToTcpHostAsync(String host, Int32 port, HttpRequestMessage initialRequest, Boolean async, CancellationToken cancellationToken)
[2026-07-01 10:18:20Z WARN BrokerServer] Back off 12,727 seconds before next retry. 4 attempt left.
[2026-07-01 11:23:15Z WARN GitHubActionsService] GET request to https://broker.actions.githubusercontent.com/message?sessionId=eea8b01a-494c-4f51-82b4-6382a996d6c6&status=Online&runnerVersion=2.335.1&os=Windows&architecture=X64&disableUpdate=false timed out after 100 seconds.
[2026-07-01 11:23:15Z ERR  BrokerServer] Catch exception during request
[2026-07-01 11:23:15Z ERR  BrokerServer] System.TimeoutException: The HTTP request timed out after 00:01:40.
 ---> System.Threading.Tasks.TaskCanceledException: The operation was canceled.
 ---> System.IO.IOException: Unable to read data from the transport connection: The I/O operation has been aborted because of either a thread exit or an application request..
 ---> System.Net.Sockets.SocketException (995): The I/O operation has been aborted because of either a thread exit or an application request.
   --- End of inner exception stack trace ---
   at System.Net.Sockets.Socket.AwaitableSocketAsyncEventArgs.ThrowException(SocketError error, CancellationToken cancellationToken)
   at System.Net.Sockets.Socket.AwaitableSocketAsyncEventArgs.System.Threading.Tasks.Sources.IValueTaskSource<System.Int32>.GetResult(Int16 token)
   at System.Net.Security.SslStream.EnsureFullTlsFrameAsync[TIOAdapter](CancellationToken cancellationToken, Int32 estimatedSize)
   at System.Runtime.CompilerServices.PoolingAsyncValueTaskMethodBuilder`1.StateMachineBox`1.System.Threading.Tasks.Sources.IValueTaskSource<TResult>.GetResult(Int16 token)
   at System.Net.Security.SslStream.ReadAsyncInternal[TIOAdapter](Memory`1 buffer, CancellationToken cancellationToken)
   at System.Runtime.CompilerServices.PoolingAsyncValueTaskMethodBuilder`1.StateMachineBox`1.System.Threading.Tasks.Sources.IValueTaskSource<TResult>.GetResult(Int16 token)
   at System.Net.Http.HttpConnection.SendAsync(HttpRequestMessage request, Boolean async, CancellationToken cancellationToken)
   --- End of inner exception stack trace ---
   at System.Net.Http.HttpConnection.SendAsync(HttpRequestMessage request, Boolean async, CancellationToken cancellationToken)
   at System.Net.Http.AuthenticationHelper.SendWithNtAuthAsync(HttpRequestMessage request, Uri authUri, Boolean async, ICredentials credentials, Boolean isProxyAuth, HttpConnection connection, HttpConnectionPool connectionPool, CancellationToken cancellationToken)
   at System.Net.Http.HttpConnectionPool.SendWithVersionDetectionAndRetryAsync(HttpRequestMessage request, Boolean async, Boolean doRequestAuth, CancellationToken cancellationToken)
   at System.Net.Http.AuthenticationHelper.SendWithAuthAsync(HttpRequestMessage request, Uri authUri, Boolean async, ICredentials credentials, Boolean preAuthenticate, Boolean isProxyAuth, Boolean doRequestAuth, HttpConnectionPool pool, CancellationToken cancellationToken)
   at System.Net.Http.RedirectHandler.SendAsync(HttpRequestMessage request, Boolean async, CancellationToken cancellationToken)
   at GitHub.Services.Common.RawHttpMessageHandler.SendAsync(HttpRequestMessage request, CancellationToken cancellationToken)
   --- End of inner exception stack trace ---
   at GitHub.Services.Common.RawHttpMessageHandler.SendAsync(HttpRequestMessage request, CancellationToken cancellationToken)
   at GitHub.Services.Common.VssHttpRetryMessageHandler.SendAsync(HttpRequestMessage request, CancellationToken cancellationToken)
   at System.Net.Http.HttpClient.<SendAsync>g__Core|83_0(HttpRequestMessage request, HttpCompletionOption completionOption, CancellationTokenSource cts, Boolean disposeCts, CancellationTokenSource pendingRequestsCts, CancellationToken originalCancellationToken)
   at Sdk.WebApi.WebApi.RawHttpClientBase.SendAsync(HttpRequestMessage message, HttpCompletionOption completionOption, Object userState, CancellationToken cancellationToken)
   at Sdk.WebApi.WebApi.RawHttpClientBase.SendAsync[T](HttpRequestMessage message, Boolean readErrorBody, Object userState, CancellationToken cancellationToken)
   at Sdk.WebApi.WebApi.RawHttpClientBase.SendAsync[T](HttpMethod method, IEnumerable`1 additionalHeaders, Uri requestUri, HttpContent content, IEnumerable`1 queryParameters, Boolean readErrorBody, Object userState, CancellationToken cancellationToken)
   at GitHub.Actions.RunService.WebApi.BrokerHttpClient.GetRunnerMessageAsync(Nullable`1 sessionId, String runnerVersion, Nullable`1 status, String os, String architecture, Nullable`1 disableUpdate, CancellationToken cancellationToken)
   at GitHub.Runner.Common.BrokerServer.<>c__DisplayClass7_0.<<GetRunnerMessageAsync>b__0>d.MoveNext()
--- End of stack trace from previous location ---
   at GitHub.Runner.Common.RunnerService.RetryRequest[T](Func`1 func, CancellationToken cancellationToken, Int32 maxAttempts, Func`2 shouldRetry)
[2026-07-01 11:23:15Z ERR  BrokerServer] #####################################################
[2026-07-01 11:23:15Z ERR  BrokerServer] System.Threading.Tasks.TaskCanceledException: The operation was canceled.
 ---> System.IO.IOException: Unable to read data from the transport connection: The I/O operation has been aborted because of either a thread exit or an application request..
 ---> System.Net.Sockets.SocketException (995): The I/O operation has been aborted because of either a thread exit or an application request.
   --- End of inner exception stack trace ---
   at System.Net.Sockets.Socket.AwaitableSocketAsyncEventArgs.ThrowException(SocketError error, CancellationToken cancellationToken)
   at System.Net.Sockets.Socket.AwaitableSocketAsyncEventArgs.System.Threading.Tasks.Sources.IValueTaskSource<System.Int32>.GetResult(Int16 token)
   at System.Net.Security.SslStream.EnsureFullTlsFrameAsync[TIOAdapter](CancellationToken cancellationToken, Int32 estimatedSize)
   at System.Runtime.CompilerServices.PoolingAsyncValueTaskMethodBuilder`1.StateMachineBox`1.System.Threading.Tasks.Sources.IValueTaskSource<TResult>.GetResult(Int16 token)
   at System.Net.Security.SslStream.ReadAsyncInternal[TIOAdapter](Memory`1 buffer, CancellationToken cancellationToken)
   at System.Runtime.CompilerServices.PoolingAsyncValueTaskMethodBuilder`1.StateMachineBox`1.System.Threading.Tasks.Sources.IValueTaskSource<TResult>.GetResult(Int16 token)
   at System.Net.Http.HttpConnection.SendAsync(HttpRequestMessage request, Boolean async, CancellationToken cancellationToken)
   --- End of inner exception stack trace ---
   at System.Net.Http.HttpConnection.SendAsync(HttpRequestMessage request, Boolean async, CancellationToken cancellationToken)
   at System.Net.Http.AuthenticationHelper.SendWithNtAuthAsync(HttpRequestMessage request, Uri authUri, Boolean async, ICredentials credentials, Boolean isProxyAuth, HttpConnection connection, HttpConnectionPool connectionPool, CancellationToken cancellationToken)
   at System.Net.Http.HttpConnectionPool.SendWithVersionDetectionAndRetryAsync(HttpRequestMessage request, Boolean async, Boolean doRequestAuth, CancellationToken cancellationToken)
   at System.Net.Http.AuthenticationHelper.SendWithAuthAsync(HttpRequestMessage request, Uri authUri, Boolean async, ICredentials credentials, Boolean preAuthenticate, Boolean isProxyAuth, Boolean doRequestAuth, HttpConnectionPool pool, CancellationToken cancellationToken)
   at System.Net.Http.RedirectHandler.SendAsync(HttpRequestMessage request, Boolean async, CancellationToken cancellationToken)
   at GitHub.Services.Common.RawHttpMessageHandler.SendAsync(HttpRequestMessage request, CancellationToken cancellationToken)
[2026-07-01 11:23:15Z ERR  BrokerServer] #####################################################
[2026-07-01 11:23:15Z ERR  BrokerServer] System.IO.IOException: Unable to read data from the transport connection: The I/O operation has been aborted because of either a thread exit or an application request..
 ---> System.Net.Sockets.SocketException (995): The I/O operation has been aborted because of either a thread exit or an application request.
   --- End of inner exception stack trace ---
   at System.Net.Sockets.Socket.AwaitableSocketAsyncEventArgs.ThrowException(SocketError error, CancellationToken cancellationToken)
   at System.Net.Sockets.Socket.AwaitableSocketAsyncEventArgs.System.Threading.Tasks.Sources.IValueTaskSource<System.Int32>.GetResult(Int16 token)
   at System.Net.Security.SslStream.EnsureFullTlsFrameAsync[TIOAdapter](CancellationToken cancellationToken, Int32 estimatedSize)
   at System.Runtime.CompilerServices.PoolingAsyncValueTaskMethodBuilder`1.StateMachineBox`1.System.Threading.Tasks.Sources.IValueTaskSource<TResult>.GetResult(Int16 token)
   at System.Net.Security.SslStream.ReadAsyncInternal[TIOAdapter](Memory`1 buffer, CancellationToken cancellationToken)
   at System.Runtime.CompilerServices.PoolingAsyncValueTaskMethodBuilder`1.StateMachineBox`1.System.Threading.Tasks.Sources.IValueTaskSource<TResult>.GetResult(Int16 token)
   at System.Net.Http.HttpConnection.SendAsync(HttpRequestMessage request, Boolean async, CancellationToken cancellationToken)
[2026-07-01 11:23:15Z ERR  BrokerServer] #####################################################
[2026-07-01 11:23:15Z ERR  BrokerServer] System.Net.Sockets.SocketException (995): The I/O operation has been aborted because of either a thread exit or an application request.
[2026-07-01 11:23:15Z WARN BrokerServer] Back off 9,044 seconds before next retry. 4 attempt left.
[2026-07-01 11:23:25Z INFO RSAEncryptedFileKeyManager] Loading RSA key parameters from file C:\Users\WIN11\Downloads\Kita Sehat APP\FatSecret_Big_Data_Pipeline\actions-runner\.credentials_rsaparams
[2026-07-01 11:23:28Z INFO GitHubActionsService] AAD Correlation ID for this token request: Unknown
[2026-07-01 11:23:28Z WARN GitHubActionsService] Retrieving an AAD auth token took a long time (2,7174059 seconds)
[2026-07-01 12:28:23Z WARN GitHubActionsService] GET request to https://broker.actions.githubusercontent.com/message?sessionId=eea8b01a-494c-4f51-82b4-6382a996d6c6&status=Online&runnerVersion=2.335.1&os=Windows&architecture=X64&disableUpdate=false timed out after 100 seconds.
[2026-07-01 12:28:23Z ERR  BrokerServer] Catch exception during request
[2026-07-01 12:28:23Z ERR  BrokerServer] System.TimeoutException: The HTTP request timed out after 00:01:40.
 ---> System.Threading.Tasks.TaskCanceledException: The operation was canceled.
 ---> System.IO.IOException: Unable to read data from the transport connection: The I/O operation has been aborted because of either a thread exit or an application request..
 ---> System.Net.Sockets.SocketException (995): The I/O operation has been aborted because of either a thread exit or an application request.
   --- End of inner exception stack trace ---
   at System.Net.Sockets.Socket.AwaitableSocketAsyncEventArgs.ThrowException(SocketError error, CancellationToken cancellationToken)
   at System.Net.Sockets.Socket.AwaitableSocketAsyncEventArgs.System.Threading.Tasks.Sources.IValueTaskSource<System.Int32>.GetResult(Int16 token)
   at System.Net.Security.SslStream.EnsureFullTlsFrameAsync[TIOAdapter](CancellationToken cancellationToken, Int32 estimatedSize)
   at System.Runtime.CompilerServices.PoolingAsyncValueTaskMethodBuilder`1.StateMachineBox`1.System.Threading.Tasks.Sources.IValueTaskSource<TResult>.GetResult(Int16 token)
   at System.Net.Security.SslStream.ReadAsyncInternal[TIOAdapter](Memory`1 buffer, CancellationToken cancellationToken)
   at System.Runtime.CompilerServices.PoolingAsyncValueTaskMethodBuilder`1.StateMachineBox`1.System.Threading.Tasks.Sources.IValueTaskSource<TResult>.GetResult(Int16 token)
   at System.Net.Http.HttpConnection.SendAsync(HttpRequestMessage request, Boolean async, CancellationToken cancellationToken)
   --- End of inner exception stack trace ---
   at System.Net.Http.HttpConnection.SendAsync(HttpRequestMessage request, Boolean async, CancellationToken cancellationToken)
   at System.Net.Http.AuthenticationHelper.SendWithNtAuthAsync(HttpRequestMessage request, Uri authUri, Boolean async, ICredentials credentials, Boolean isProxyAuth, HttpConnection connection, HttpConnectionPool connectionPool, CancellationToken cancellationToken)
   at System.Net.Http.HttpConnectionPool.SendWithVersionDetectionAndRetryAsync(HttpRequestMessage request, Boolean async, Boolean doRequestAuth, CancellationToken cancellationToken)
   at System.Net.Http.AuthenticationHelper.SendWithAuthAsync(HttpRequestMessage request, Uri authUri, Boolean async, ICredentials credentials, Boolean preAuthenticate, Boolean isProxyAuth, Boolean doRequestAuth, HttpConnectionPool pool, CancellationToken cancellationToken)
   at System.Net.Http.RedirectHandler.SendAsync(HttpRequestMessage request, Boolean async, CancellationToken cancellationToken)
   at GitHub.Services.Common.RawHttpMessageHandler.SendAsync(HttpRequestMessage request, CancellationToken cancellationToken)
   --- End of inner exception stack trace ---
   at GitHub.Services.Common.RawHttpMessageHandler.SendAsync(HttpRequestMessage request, CancellationToken cancellationToken)
   at GitHub.Services.Common.VssHttpRetryMessageHandler.SendAsync(HttpRequestMessage request, CancellationToken cancellationToken)
   at System.Net.Http.HttpClient.<SendAsync>g__Core|83_0(HttpRequestMessage request, HttpCompletionOption completionOption, CancellationTokenSource cts, Boolean disposeCts, CancellationTokenSource pendingRequestsCts, CancellationToken originalCancellationToken)
   at Sdk.WebApi.WebApi.RawHttpClientBase.SendAsync(HttpRequestMessage message, HttpCompletionOption completionOption, Object userState, CancellationToken cancellationToken)
   at Sdk.WebApi.WebApi.RawHttpClientBase.SendAsync[T](HttpRequestMessage message, Boolean readErrorBody, Object userState, CancellationToken cancellationToken)
   at Sdk.WebApi.WebApi.RawHttpClientBase.SendAsync[T](HttpMethod method, IEnumerable`1 additionalHeaders, Uri requestUri, HttpContent content, IEnumerable`1 queryParameters, Boolean readErrorBody, Object userState, CancellationToken cancellationToken)
   at GitHub.Actions.RunService.WebApi.BrokerHttpClient.GetRunnerMessageAsync(Nullable`1 sessionId, String runnerVersion, Nullable`1 status, String os, String architecture, Nullable`1 disableUpdate, CancellationToken cancellationToken)
   at GitHub.Runner.Common.BrokerServer.<>c__DisplayClass7_0.<<GetRunnerMessageAsync>b__0>d.MoveNext()
--- End of stack trace from previous location ---
   at GitHub.Runner.Common.RunnerService.RetryRequest[T](Func`1 func, CancellationToken cancellationToken, Int32 maxAttempts, Func`2 shouldRetry)
[2026-07-01 12:28:23Z ERR  BrokerServer] #####################################################
[2026-07-01 12:28:23Z ERR  BrokerServer] System.Threading.Tasks.TaskCanceledException: The operation was canceled.
 ---> System.IO.IOException: Unable to read data from the transport connection: The I/O operation has been aborted because of either a thread exit or an application request..
 ---> System.Net.Sockets.SocketException (995): The I/O operation has been aborted because of either a thread exit or an application request.
   --- End of inner exception stack trace ---
   at System.Net.Sockets.Socket.AwaitableSocketAsyncEventArgs.ThrowException(SocketError error, CancellationToken cancellationToken)
   at System.Net.Sockets.Socket.AwaitableSocketAsyncEventArgs.System.Threading.Tasks.Sources.IValueTaskSource<System.Int32>.GetResult(Int16 token)
   at System.Net.Security.SslStream.EnsureFullTlsFrameAsync[TIOAdapter](CancellationToken cancellationToken, Int32 estimatedSize)
   at System.Runtime.CompilerServices.PoolingAsyncValueTaskMethodBuilder`1.StateMachineBox`1.System.Threading.Tasks.Sources.IValueTaskSource<TResult>.GetResult(Int16 token)
   at System.Net.Security.SslStream.ReadAsyncInternal[TIOAdapter](Memory`1 buffer, CancellationToken cancellationToken)
   at System.Runtime.CompilerServices.PoolingAsyncValueTaskMethodBuilder`1.StateMachineBox`1.System.Threading.Tasks.Sources.IValueTaskSource<TResult>.GetResult(Int16 token)
   at System.Net.Http.HttpConnection.SendAsync(HttpRequestMessage request, Boolean async, CancellationToken cancellationToken)
   --- End of inner exception stack trace ---
   at System.Net.Http.HttpConnection.SendAsync(HttpRequestMessage request, Boolean async, CancellationToken cancellationToken)
   at System.Net.Http.AuthenticationHelper.SendWithNtAuthAsync(HttpRequestMessage request, Uri authUri, Boolean async, ICredentials credentials, Boolean isProxyAuth, HttpConnection connection, HttpConnectionPool connectionPool, CancellationToken cancellationToken)
   at System.Net.Http.HttpConnectionPool.SendWithVersionDetectionAndRetryAsync(HttpRequestMessage request, Boolean async, Boolean doRequestAuth, CancellationToken cancellationToken)
   at System.Net.Http.AuthenticationHelper.SendWithAuthAsync(HttpRequestMessage request, Uri authUri, Boolean async, ICredentials credentials, Boolean preAuthenticate, Boolean isProxyAuth, Boolean doRequestAuth, HttpConnectionPool pool, CancellationToken cancellationToken)
   at System.Net.Http.RedirectHandler.SendAsync(HttpRequestMessage request, Boolean async, CancellationToken cancellationToken)
   at GitHub.Services.Common.RawHttpMessageHandler.SendAsync(HttpRequestMessage request, CancellationToken cancellationToken)
[2026-07-01 12:28:23Z ERR  BrokerServer] #####################################################
[2026-07-01 12:28:23Z ERR  BrokerServer] System.IO.IOException: Unable to read data from the transport connection: The I/O operation has been aborted because of either a thread exit or an application request..
 ---> System.Net.Sockets.SocketException (995): The I/O operation has been aborted because of either a thread exit or an application request.
   --- End of inner exception stack trace ---
   at System.Net.Sockets.Socket.AwaitableSocketAsyncEventArgs.ThrowException(SocketError error, CancellationToken cancellationToken)
   at System.Net.Sockets.Socket.AwaitableSocketAsyncEventArgs.System.Threading.Tasks.Sources.IValueTaskSource<System.Int32>.GetResult(Int16 token)
   at System.Net.Security.SslStream.EnsureFullTlsFrameAsync[TIOAdapter](CancellationToken cancellationToken, Int32 estimatedSize)
   at System.Runtime.CompilerServices.PoolingAsyncValueTaskMethodBuilder`1.StateMachineBox`1.System.Threading.Tasks.Sources.IValueTaskSource<TResult>.GetResult(Int16 token)
   at System.Net.Security.SslStream.ReadAsyncInternal[TIOAdapter](Memory`1 buffer, CancellationToken cancellationToken)
   at System.Runtime.CompilerServices.PoolingAsyncValueTaskMethodBuilder`1.StateMachineBox`1.System.Threading.Tasks.Sources.IValueTaskSource<TResult>.GetResult(Int16 token)
   at System.Net.Http.HttpConnection.SendAsync(HttpRequestMessage request, Boolean async, CancellationToken cancellationToken)
[2026-07-01 12:28:23Z ERR  BrokerServer] #####################################################
[2026-07-01 12:28:23Z ERR  BrokerServer] System.Net.Sockets.SocketException (995): The I/O operation has been aborted because of either a thread exit or an application request.
[2026-07-01 12:28:23Z WARN BrokerServer] Back off 12,707 seconds before next retry. 4 attempt left.
[2026-07-01 12:28:38Z INFO RSAEncryptedFileKeyManager] Loading RSA key parameters from file C:\Users\WIN11\Downloads\Kita Sehat APP\FatSecret_Big_Data_Pipeline\actions-runner\.credentials_rsaparams
[2026-07-01 12:28:39Z INFO GitHubActionsService] AAD Correlation ID for this token request: Unknown
[2026-07-01 15:45:28Z WARN GitHubActionsService] GET request to https://broker.actions.githubusercontent.com/message?sessionId=eea8b01a-494c-4f51-82b4-6382a996d6c6&status=Online&runnerVersion=2.335.1&os=Windows&architecture=X64&disableUpdate=false timed out after 100 seconds.
[2026-07-01 15:45:28Z ERR  BrokerServer] Catch exception during request
[2026-07-01 15:45:28Z ERR  BrokerServer] System.TimeoutException: The HTTP request timed out after 00:01:40.
 ---> System.Threading.Tasks.TaskCanceledException: The operation was canceled.
 ---> System.IO.IOException: Unable to read data from the transport connection: The I/O operation has been aborted because of either a thread exit or an application request..
 ---> System.Net.Sockets.SocketException (995): The I/O operation has been aborted because of either a thread exit or an application request.
   --- End of inner exception stack trace ---
   at System.Net.Sockets.Socket.AwaitableSocketAsyncEventArgs.ThrowException(SocketError error, CancellationToken cancellationToken)
   at System.Net.Sockets.Socket.AwaitableSocketAsyncEventArgs.System.Threading.Tasks.Sources.IValueTaskSource<System.Int32>.GetResult(Int16 token)
   at System.Net.Security.SslStream.EnsureFullTlsFrameAsync[TIOAdapter](CancellationToken cancellationToken, Int32 estimatedSize)
   at System.Runtime.CompilerServices.PoolingAsyncValueTaskMethodBuilder`1.StateMachineBox`1.System.Threading.Tasks.Sources.IValueTaskSource<TResult>.GetResult(Int16 token)
   at System.Net.Security.SslStream.ReadAsyncInternal[TIOAdapter](Memory`1 buffer, CancellationToken cancellationToken)
   at System.Runtime.CompilerServices.PoolingAsyncValueTaskMethodBuilder`1.StateMachineBox`1.System.Threading.Tasks.Sources.IValueTaskSource<TResult>.GetResult(Int16 token)
   at System.Net.Http.HttpConnection.SendAsync(HttpRequestMessage request, Boolean async, CancellationToken cancellationToken)
   --- End of inner exception stack trace ---
   at System.Net.Http.HttpConnection.SendAsync(HttpRequestMessage request, Boolean async, CancellationToken cancellationToken)
   at System.Net.Http.AuthenticationHelper.SendWithNtAuthAsync(HttpRequestMessage request, Uri authUri, Boolean async, ICredentials credentials, Boolean isProxyAuth, HttpConnection connection, HttpConnectionPool connectionPool, CancellationToken cancellationToken)
   at System.Net.Http.HttpConnectionPool.SendWithVersionDetectionAndRetryAsync(HttpRequestMessage request, Boolean async, Boolean doRequestAuth, CancellationToken cancellationToken)
   at System.Net.Http.AuthenticationHelper.SendWithAuthAsync(HttpRequestMessage request, Uri authUri, Boolean async, ICredentials credentials, Boolean preAuthenticate, Boolean isProxyAuth, Boolean doRequestAuth, HttpConnectionPool pool, CancellationToken cancellationToken)
   at System.Net.Http.RedirectHandler.SendAsync(HttpRequestMessage request, Boolean async, CancellationToken cancellationToken)
   at GitHub.Services.Common.RawHttpMessageHandler.SendAsync(HttpRequestMessage request, CancellationToken cancellationToken)
   --- End of inner exception stack trace ---
   at GitHub.Services.Common.RawHttpMessageHandler.SendAsync(HttpRequestMessage request, CancellationToken cancellationToken)
   at GitHub.Services.Common.VssHttpRetryMessageHandler.SendAsync(HttpRequestMessage request, CancellationToken cancellationToken)
   at System.Net.Http.HttpClient.<SendAsync>g__Core|83_0(HttpRequestMessage request, HttpCompletionOption completionOption, CancellationTokenSource cts, Boolean disposeCts, CancellationTokenSource pendingRequestsCts, CancellationToken originalCancellationToken)
   at Sdk.WebApi.WebApi.RawHttpClientBase.SendAsync(HttpRequestMessage message, HttpCompletionOption completionOption, Object userState, CancellationToken cancellationToken)
   at Sdk.WebApi.WebApi.RawHttpClientBase.SendAsync[T](HttpRequestMessage message, Boolean readErrorBody, Object userState, CancellationToken cancellationToken)
   at Sdk.WebApi.WebApi.RawHttpClientBase.SendAsync[T](HttpMethod method, IEnumerable`1 additionalHeaders, Uri requestUri, HttpContent content, IEnumerable`1 queryParameters, Boolean readErrorBody, Object userState, CancellationToken cancellationToken)
   at GitHub.Actions.RunService.WebApi.BrokerHttpClient.GetRunnerMessageAsync(Nullable`1 sessionId, String runnerVersion, Nullable`1 status, String os, String architecture, Nullable`1 disableUpdate, CancellationToken cancellationToken)
   at GitHub.Runner.Common.BrokerServer.<>c__DisplayClass7_0.<<GetRunnerMessageAsync>b__0>d.MoveNext()
--- End of stack trace from previous location ---
   at GitHub.Runner.Common.RunnerService.RetryRequest[T](Func`1 func, CancellationToken cancellationToken, Int32 maxAttempts, Func`2 shouldRetry)
[2026-07-01 15:45:28Z ERR  BrokerServer] #####################################################
[2026-07-01 15:45:28Z ERR  BrokerServer] System.Threading.Tasks.TaskCanceledException: The operation was canceled.
 ---> System.IO.IOException: Unable to read data from the transport connection: The I/O operation has been aborted because of either a thread exit or an application request..
 ---> System.Net.Sockets.SocketException (995): The I/O operation has been aborted because of either a thread exit or an application request.
   --- End of inner exception stack trace ---
   at System.Net.Sockets.Socket.AwaitableSocketAsyncEventArgs.ThrowException(SocketError error, CancellationToken cancellationToken)
   at System.Net.Sockets.Socket.AwaitableSocketAsyncEventArgs.System.Threading.Tasks.Sources.IValueTaskSource<System.Int32>.GetResult(Int16 token)
   at System.Net.Security.SslStream.EnsureFullTlsFrameAsync[TIOAdapter](CancellationToken cancellationToken, Int32 estimatedSize)
   at System.Runtime.CompilerServices.PoolingAsyncValueTaskMethodBuilder`1.StateMachineBox`1.System.Threading.Tasks.Sources.IValueTaskSource<TResult>.GetResult(Int16 token)
   at System.Net.Security.SslStream.ReadAsyncInternal[TIOAdapter](Memory`1 buffer, CancellationToken cancellationToken)
   at System.Runtime.CompilerServices.PoolingAsyncValueTaskMethodBuilder`1.StateMachineBox`1.System.Threading.Tasks.Sources.IValueTaskSource<TResult>.GetResult(Int16 token)
   at System.Net.Http.HttpConnection.SendAsync(HttpRequestMessage request, Boolean async, CancellationToken cancellationToken)
   --- End of inner exception stack trace ---
   at System.Net.Http.HttpConnection.SendAsync(HttpRequestMessage request, Boolean async, CancellationToken cancellationToken)
   at System.Net.Http.AuthenticationHelper.SendWithNtAuthAsync(HttpRequestMessage request, Uri authUri, Boolean async, ICredentials credentials, Boolean isProxyAuth, HttpConnection connection, HttpConnectionPool connectionPool, CancellationToken cancellationToken)
   at System.Net.Http.HttpConnectionPool.SendWithVersionDetectionAndRetryAsync(HttpRequestMessage request, Boolean async, Boolean doRequestAuth, CancellationToken cancellationToken)
   at System.Net.Http.AuthenticationHelper.SendWithAuthAsync(HttpRequestMessage request, Uri authUri, Boolean async, ICredentials credentials, Boolean preAuthenticate, Boolean isProxyAuth, Boolean doRequestAuth, HttpConnectionPool pool, CancellationToken cancellationToken)
   at System.Net.Http.RedirectHandler.SendAsync(HttpRequestMessage request, Boolean async, CancellationToken cancellationToken)
   at GitHub.Services.Common.RawHttpMessageHandler.SendAsync(HttpRequestMessage request, CancellationToken cancellationToken)
[2026-07-01 15:45:28Z ERR  BrokerServer] #####################################################
[2026-07-01 15:45:28Z ERR  BrokerServer] System.IO.IOException: Unable to read data from the transport connection: The I/O operation has been aborted because of either a thread exit or an application request..
 ---> System.Net.Sockets.SocketException (995): The I/O operation has been aborted because of either a thread exit or an application request.
   --- End of inner exception stack trace ---
   at System.Net.Sockets.Socket.AwaitableSocketAsyncEventArgs.ThrowException(SocketError error, CancellationToken cancellationToken)
   at System.Net.Sockets.Socket.AwaitableSocketAsyncEventArgs.System.Threading.Tasks.Sources.IValueTaskSource<System.Int32>.GetResult(Int16 token)
   at System.Net.Security.SslStream.EnsureFullTlsFrameAsync[TIOAdapter](CancellationToken cancellationToken, Int32 estimatedSize)
   at System.Runtime.CompilerServices.PoolingAsyncValueTaskMethodBuilder`1.StateMachineBox`1.System.Threading.Tasks.Sources.IValueTaskSource<TResult>.GetResult(Int16 token)
   at System.Net.Security.SslStream.ReadAsyncInternal[TIOAdapter](Memory`1 buffer, CancellationToken cancellationToken)
   at System.Runtime.CompilerServices.PoolingAsyncValueTaskMethodBuilder`1.StateMachineBox`1.System.Threading.Tasks.Sources.IValueTaskSource<TResult>.GetResult(Int16 token)
   at System.Net.Http.HttpConnection.SendAsync(HttpRequestMessage request, Boolean async, CancellationToken cancellationToken)
[2026-07-01 15:45:28Z ERR  BrokerServer] #####################################################
[2026-07-01 15:45:28Z ERR  BrokerServer] System.Net.Sockets.SocketException (995): The I/O operation has been aborted because of either a thread exit or an application request.
[2026-07-01 15:45:28Z WARN BrokerServer] Back off 12,573 seconds before next retry. 4 attempt left.
[2026-07-01 15:45:42Z INFO RSAEncryptedFileKeyManager] Loading RSA key parameters from file C:\Users\WIN11\Downloads\Kita Sehat APP\FatSecret_Big_Data_Pipeline\actions-runner\.credentials_rsaparams
[2026-07-01 15:45:43Z INFO GitHubActionsService] AAD Correlation ID for this token request: Unknown
[2026-07-01 15:50:51Z INFO HostContext] Runner will be shutdown for UserCancelled
[2026-07-01 15:50:51Z WARN GitHubActionsService] GET request to https://broker.actions.githubusercontent.com/message?sessionId=eea8b01a-494c-4f51-82b4-6382a996d6c6&status=Online&runnerVersion=2.335.1&os=Windows&architecture=X64&disableUpdate=false has been cancelled.
[2026-07-01 15:50:51Z ERR  BrokerServer] Catch exception during request
[2026-07-01 15:50:51Z ERR  BrokerServer] System.Threading.Tasks.TaskCanceledException: The operation was canceled.
 ---> System.Threading.Tasks.TaskCanceledException: The operation was canceled.
 ---> System.IO.IOException: Unable to read data from the transport connection: The I/O operation has been aborted because of either a thread exit or an application request..
 ---> System.Net.Sockets.SocketException (995): The I/O operation has been aborted because of either a thread exit or an application request.
   --- End of inner exception stack trace ---
   at System.Net.Sockets.Socket.AwaitableSocketAsyncEventArgs.ThrowException(SocketError error, CancellationToken cancellationToken)
   at System.Net.Sockets.Socket.AwaitableSocketAsyncEventArgs.System.Threading.Tasks.Sources.IValueTaskSource<System.Int32>.GetResult(Int16 token)
   at System.Net.Security.SslStream.EnsureFullTlsFrameAsync[TIOAdapter](CancellationToken cancellationToken, Int32 estimatedSize)
   at System.Runtime.CompilerServices.PoolingAsyncValueTaskMethodBuilder`1.StateMachineBox`1.System.Threading.Tasks.Sources.IValueTaskSource<TResult>.GetResult(Int16 token)
   at System.Net.Security.SslStream.ReadAsyncInternal[TIOAdapter](Memory`1 buffer, CancellationToken cancellationToken)
   at System.Runtime.CompilerServices.PoolingAsyncValueTaskMethodBuilder`1.StateMachineBox`1.System.Threading.Tasks.Sources.IValueTaskSource<TResult>.GetResult(Int16 token)
   at System.Net.Http.HttpConnection.SendAsync(HttpRequestMessage request, Boolean async, CancellationToken cancellationToken)
   --- End of inner exception stack trace ---
   at System.Net.Http.HttpConnection.SendAsync(HttpRequestMessage request, Boolean async, CancellationToken cancellationToken)
   at System.Net.Http.AuthenticationHelper.SendWithNtAuthAsync(HttpRequestMessage request, Uri authUri, Boolean async, ICredentials credentials, Boolean isProxyAuth, HttpConnection connection, HttpConnectionPool connectionPool, CancellationToken cancellationToken)
   at System.Net.Http.HttpConnectionPool.SendWithVersionDetectionAndRetryAsync(HttpRequestMessage request, Boolean async, Boolean doRequestAuth, CancellationToken cancellationToken)
   at System.Net.Http.AuthenticationHelper.SendWithAuthAsync(HttpRequestMessage request, Uri authUri, Boolean async, ICredentials credentials, Boolean preAuthenticate, Boolean isProxyAuth, Boolean doRequestAuth, HttpConnectionPool pool, CancellationToken cancellationToken)
   at System.Net.Http.RedirectHandler.SendAsync(HttpRequestMessage request, Boolean async, CancellationToken cancellationToken)
   at GitHub.Services.Common.RawHttpMessageHandler.SendAsync(HttpRequestMessage request, CancellationToken cancellationToken)
   at GitHub.Services.Common.VssHttpRetryMessageHandler.SendAsync(HttpRequestMessage request, CancellationToken cancellationToken)
   at System.Net.Http.HttpClient.<SendAsync>g__Core|83_0(HttpRequestMessage request, HttpCompletionOption completionOption, CancellationTokenSource cts, Boolean disposeCts, CancellationTokenSource pendingRequestsCts, CancellationToken originalCancellationToken)
   --- End of inner exception stack trace ---
   at System.Net.Http.HttpClient.HandleFailure(Exception e, Boolean telemetryStarted, HttpResponseMessage response, CancellationTokenSource cts, CancellationToken cancellationToken, CancellationTokenSource pendingRequestsCts)
   at System.Net.Http.HttpClient.<SendAsync>g__Core|83_0(HttpRequestMessage request, HttpCompletionOption completionOption, CancellationTokenSource cts, Boolean disposeCts, CancellationTokenSource pendingRequestsCts, CancellationToken originalCancellationToken)
   at Sdk.WebApi.WebApi.RawHttpClientBase.SendAsync(HttpRequestMessage message, HttpCompletionOption completionOption, Object userState, CancellationToken cancellationToken)
   at Sdk.WebApi.WebApi.RawHttpClientBase.SendAsync[T](HttpRequestMessage message, Boolean readErrorBody, Object userState, CancellationToken cancellationToken)
   at Sdk.WebApi.WebApi.RawHttpClientBase.SendAsync[T](HttpMethod method, IEnumerable`1 additionalHeaders, Uri requestUri, HttpContent content, IEnumerable`1 queryParameters, Boolean readErrorBody, Object userState, CancellationToken cancellationToken)
   at GitHub.Actions.RunService.WebApi.BrokerHttpClient.GetRunnerMessageAsync(Nullable`1 sessionId, String runnerVersion, Nullable`1 status, String os, String architecture, Nullable`1 disableUpdate, CancellationToken cancellationToken)
   at GitHub.Runner.Common.BrokerServer.<>c__DisplayClass7_0.<<GetRunnerMessageAsync>b__0>d.MoveNext()
--- End of stack trace from previous location ---
   at GitHub.Runner.Common.RunnerService.RetryRequest[T](Func`1 func, CancellationToken cancellationToken, Int32 maxAttempts, Func`2 shouldRetry)
[2026-07-01 15:50:51Z ERR  BrokerServer] #####################################################
[2026-07-01 15:50:51Z ERR  BrokerServer] System.Threading.Tasks.TaskCanceledException: The operation was canceled.
 ---> System.IO.IOException: Unable to read data from the transport connection: The I/O operation has been aborted because of either a thread exit or an application request..
 ---> System.Net.Sockets.SocketException (995): The I/O operation has been aborted because of either a thread exit or an application request.
   --- End of inner exception stack trace ---
   at System.Net.Sockets.Socket.AwaitableSocketAsyncEventArgs.ThrowException(SocketError error, CancellationToken cancellationToken)
   at System.Net.Sockets.Socket.AwaitableSocketAsyncEventArgs.System.Threading.Tasks.Sources.IValueTaskSource<System.Int32>.GetResult(Int16 token)
   at System.Net.Security.SslStream.EnsureFullTlsFrameAsync[TIOAdapter](CancellationToken cancellationToken, Int32 estimatedSize)
   at System.Runtime.CompilerServices.PoolingAsyncValueTaskMethodBuilder`1.StateMachineBox`1.System.Threading.Tasks.Sources.IValueTaskSource<TResult>.GetResult(Int16 token)
   at System.Net.Security.SslStream.ReadAsyncInternal[TIOAdapter](Memory`1 buffer, CancellationToken cancellationToken)
   at System.Runtime.CompilerServices.PoolingAsyncValueTaskMethodBuilder`1.StateMachineBox`1.System.Threading.Tasks.Sources.IValueTaskSource<TResult>.GetResult(Int16 token)
   at System.Net.Http.HttpConnection.SendAsync(HttpRequestMessage request, Boolean async, CancellationToken cancellationToken)
   --- End of inner exception stack trace ---
   at System.Net.Http.HttpConnection.SendAsync(HttpRequestMessage request, Boolean async, CancellationToken cancellationToken)
   at System.Net.Http.AuthenticationHelper.SendWithNtAuthAsync(HttpRequestMessage request, Uri authUri, Boolean async, ICredentials credentials, Boolean isProxyAuth, HttpConnection connection, HttpConnectionPool connectionPool, CancellationToken cancellationToken)
   at System.Net.Http.HttpConnectionPool.SendWithVersionDetectionAndRetryAsync(HttpRequestMessage request, Boolean async, Boolean doRequestAuth, CancellationToken cancellationToken)
   at System.Net.Http.AuthenticationHelper.SendWithAuthAsync(HttpRequestMessage request, Uri authUri, Boolean async, ICredentials credentials, Boolean preAuthenticate, Boolean isProxyAuth, Boolean doRequestAuth, HttpConnectionPool pool, CancellationToken cancellationToken)
   at System.Net.Http.RedirectHandler.SendAsync(HttpRequestMessage request, Boolean async, CancellationToken cancellationToken)
   at GitHub.Services.Common.RawHttpMessageHandler.SendAsync(HttpRequestMessage request, CancellationToken cancellationToken)
   at GitHub.Services.Common.VssHttpRetryMessageHandler.SendAsync(HttpRequestMessage request, CancellationToken cancellationToken)
   at System.Net.Http.HttpClient.<SendAsync>g__Core|83_0(HttpRequestMessage request, HttpCompletionOption completionOption, CancellationTokenSource cts, Boolean disposeCts, CancellationTokenSource pendingRequestsCts, CancellationToken originalCancellationToken)
[2026-07-01 15:50:51Z ERR  BrokerServer] #####################################################
[2026-07-01 15:50:51Z ERR  BrokerServer] System.IO.IOException: Unable to read data from the transport connection: The I/O operation has been aborted because of either a thread exit or an application request..
 ---> System.Net.Sockets.SocketException (995): The I/O operation has been aborted because of either a thread exit or an application request.
   --- End of inner exception stack trace ---
   at System.Net.Sockets.Socket.AwaitableSocketAsyncEventArgs.ThrowException(SocketError error, CancellationToken cancellationToken)
   at System.Net.Sockets.Socket.AwaitableSocketAsyncEventArgs.System.Threading.Tasks.Sources.IValueTaskSource<System.Int32>.GetResult(Int16 token)
   at System.Net.Security.SslStream.EnsureFullTlsFrameAsync[TIOAdapter](CancellationToken cancellationToken, Int32 estimatedSize)
   at System.Runtime.CompilerServices.PoolingAsyncValueTaskMethodBuilder`1.StateMachineBox`1.System.Threading.Tasks.Sources.IValueTaskSource<TResult>.GetResult(Int16 token)
   at System.Net.Security.SslStream.ReadAsyncInternal[TIOAdapter](Memory`1 buffer, CancellationToken cancellationToken)
   at System.Runtime.CompilerServices.PoolingAsyncValueTaskMethodBuilder`1.StateMachineBox`1.System.Threading.Tasks.Sources.IValueTaskSource<TResult>.GetResult(Int16 token)
   at System.Net.Http.HttpConnection.SendAsync(HttpRequestMessage request, Boolean async, CancellationToken cancellationToken)
[2026-07-01 15:50:51Z ERR  BrokerServer] #####################################################
[2026-07-01 15:50:51Z ERR  BrokerServer] System.Net.Sockets.SocketException (995): The I/O operation has been aborted because of either a thread exit or an application request.
[2026-07-01 15:50:51Z WARN BrokerServer] Back off 12,629 seconds before next retry. 4 attempt left.
[2026-07-01 15:50:51Z INFO BrokerMessageListener] Get next message has been cancelled.
[2026-07-01 15:50:51Z INFO JobDispatcher] Shutting down JobDispatcher. Make sure all WorkerDispatcher has finished.
[2026-07-01 15:50:51Z INFO Runner] Deleting Runner Session...
[2026-07-01 15:50:53Z INFO Listener] Runner execution been cancelled.
